<testsuite failures="0" name="karate/request/user/01_CreateUser/create.feature" skipped="0" tests="3" time="1.206047">
  <testcase classname="karate.request.user.01_CreateUser.create" name="check the service POST Method" time="0.377671">
    <system-out>* url url ................................................................. passed
* def requestCreate = {"id": '#(userId)',"username": '#(username)',"firstName": '#(firstName)', "lastName": '#(lastName)',"email": '#(email)', "password": '#(password)',"phone": '#(phone)', "userStatus": '#(userStatus)'} . passed
Given path 'user' ......................................................... passed
And request requestCreate ................................................. passed
When method POST .......................................................... passed
Then status 200 ........................................................... passed</system-out>
  </testcase>
  <testcase classname="karate.request.user.01_CreateUser.create" name="Create with invalid username" time="0.42942">
    <system-out>* url url ................................................................. passed
* def requestCreate = {"id": '#(userId)',"username": '#(username)',"firstName": '#(firstName)', "lastName": '#(lastName)',"email": '#(email)', "password": '#(password)',"phone": '#(phone)', "userStatus": '#(userStatus)'} . passed
Given path 'user' ......................................................... passed
And request requestCreate ................................................. passed
When method POST .......................................................... passed
Then status 200 ........................................................... passed
* url url ................................................................. passed
Given path 'user' ......................................................... passed
And request  97779898 ..................................................... passed
When method POST .......................................................... passed
Then status 415 ........................................................... passed</system-out>
  </testcase>
  <testcase classname="karate.request.user.01_CreateUser.create" name="Create with invalid username" time="0.398956">
    <system-out>* url url ................................................................. passed
* def requestCreate = {"id": '#(userId)',"username": '#(username)',"firstName": '#(firstName)', "lastName": '#(lastName)',"email": '#(email)', "password": '#(password)',"phone": '#(phone)', "userStatus": '#(userStatus)'} . passed
Given path 'user' ......................................................... passed
And request requestCreate ................................................. passed
When method POST .......................................................... passed
Then status 200 ........................................................... passed
* url url ................................................................. passed
Given path 'user' ......................................................... passed
And request  97779898 ..................................................... passed
When method POST .......................................................... passed
Then status 415 ........................................................... passed
* url url ................................................................. passed
Given path 'user' ......................................................... passed
And request  ")(/(  " ..................................................... passed
When method POST .......................................................... passed
Then status 415 ........................................................... passed</system-out>
  </testcase>
</testsuite>
