<testsuite failures="0" name="karate/request/pet/04_DeletePet/delete.feature" skipped="0" tests="3" time="1.1599">
  <testcase classname="karate.request.pet.04_DeletePet.delete" name="Check the service DELETE pet" time="0.377311">
    <system-out>* url url ................................................................. passed
* def deleteResponse = read('classpath:Karate/request/pet/04_DeletePet/reponseDelete.json') . passed
Given path 'pet', id ...................................................... passed
When method DELETE ........................................................ passed
Then status 200 ........................................................... passed
And match response == deleteResponse ...................................... passed
And assert response.message == message .................................... passed</system-out>
  </testcase>
  <testcase classname="karate.request.pet.04_DeletePet.delete" name="DELETE a pet with values an id in the url" time="0.404311">
    <system-out>* url url ................................................................. passed
* def deleteResponse = read('classpath:Karate/request/pet/04_DeletePet/reponseDelete.json') . passed
Given path 'pet', id ...................................................... passed
When method DELETE ........................................................ passed
Then status 200 ........................................................... passed
And match response == deleteResponse ...................................... passed
And assert response.message == message .................................... passed
* url url ................................................................. passed
Given path 'pet', 444.888 ................................................. passed
When method DELETE ........................................................ passed
Then status 404 ........................................................... passed
And match response == {"code": "#number","type": "#string","message": "#string"} . passed</system-out>
  </testcase>
  <testcase classname="karate.request.pet.04_DeletePet.delete" name="DELETE a pet with values an id in the url" time="0.378278">
    <system-out>* url url ................................................................. passed
* def deleteResponse = read('classpath:Karate/request/pet/04_DeletePet/reponseDelete.json') . passed
Given path 'pet', id ...................................................... passed
When method DELETE ........................................................ passed
Then status 200 ........................................................... passed
And match response == deleteResponse ...................................... passed
And assert response.message == message .................................... passed
* url url ................................................................. passed
Given path 'pet', 444.888 ................................................. passed
When method DELETE ........................................................ passed
Then status 404 ........................................................... passed
And match response == {"code": "#number","type": "#string","message": "#string"} . passed
* url url ................................................................. passed
Given path 'pet', "@#$%&amp;" ................................................. passed
When method DELETE ........................................................ passed
Then status 404 ........................................................... passed
And match response == {"code": "#number","type": "#string","message": "#string"} . passed</system-out>
  </testcase>
</testsuite>
