<testsuite failures="4" name="karate/request/User/login.feature" skipped="0" tests="5" time="2.088663">
  <testcase classname="karate.request.User.login" name="check the login Method" time="0.480799">
    <system-out>* url url ................................................................. passed
* params { username: '#(username)', password: '#(password)' } ............. passed
Given path 'user/login' ................................................... passed
When method get ........................................................... passed
Then status 200 ........................................................... passed
And assert response.code == 200 ........................................... passed</system-out>
  </testcase>
  <testcase classname="karate.request.User.login" name="check the login Method with bad credentials" time="0.376708">
    <failure message="login.feature:25 - status code was: 200, expected: 400, response time: 371, url: https://petstore.swagger.io/v2/user/login?username=.45.2&amp;password=4sds5, response: {&quot;code&quot;:200,&quot;type&quot;:&quot;unknown&quot;,&quot;message&quot;:&quot;logged in user session:1661727595938&quot;}">* url url ................................................................. passed
* params { username: '#(username)', password: '#(password)' } ............. passed
Given path 'user/login' ................................................... passed
When method get ........................................................... passed
Then status 200 ........................................................... passed
And assert response.code == 200 ........................................... passed
* url url ................................................................. passed
* params { username: '.45.2', password: '4sds5' } ......................... passed
Given path 'user/login' ................................................... passed
When method get ........................................................... passed
Then status 400 ........................................................... failed

Stack Trace:
com.intuit.karate.exception.KarateException: login.feature:25 - status code was: 200, expected: 400, response time: 371, url: https://petstore.swagger.io/v2/user/login?username=.45.2&amp;password=4sds5, response: {"code":200,"type":"unknown","message":"logged in user session:1661727595938"}&#13;
	at ✽.Then status 400 (login.feature:25)</failure>
  </testcase>
  <testcase classname="karate.request.User.login" name="check the login Method with bad credentials" time="0.380514">
    <failure message="login.feature:25 - status code was: 200, expected: 400, response time: 374, url: https://petstore.swagger.io/v2/user/login?username=%22NotFound%22&amp;password=%29%2F%26%2F%28, response: {&quot;code&quot;:200,&quot;type&quot;:&quot;unknown&quot;,&quot;message&quot;:&quot;logged in user session:1661727596331&quot;}">* url url ................................................................. passed
* params { username: '#(username)', password: '#(password)' } ............. passed
Given path 'user/login' ................................................... passed
When method get ........................................................... passed
Then status 200 ........................................................... passed
And assert response.code == 200 ........................................... passed
* url url ................................................................. passed
* params { username: '.45.2', password: '4sds5' } ......................... passed
Given path 'user/login' ................................................... passed
When method get ........................................................... passed
Then status 400 ........................................................... failed

Stack Trace:
com.intuit.karate.exception.KarateException: login.feature:25 - status code was: 200, expected: 400, response time: 371, url: https://petstore.swagger.io/v2/user/login?username=.45.2&amp;password=4sds5, response: {"code":200,"type":"unknown","message":"logged in user session:1661727595938"}&#13;
	at ✽.Then status 400 (login.feature:25)&#13;

* url url ................................................................. passed
* params { username: '"NotFound"', password: ')/&amp;/(' } .................... passed
Given path 'user/login' ................................................... passed
When method get ........................................................... passed
Then status 400 ........................................................... failed

Stack Trace:
com.intuit.karate.exception.KarateException: login.feature:25 - status code was: 200, expected: 400, response time: 374, url: https://petstore.swagger.io/v2/user/login?username=%22NotFound%22&amp;password=%29%2F%26%2F%28, response: {"code":200,"type":"unknown","message":"logged in user session:1661727596331"}&#13;
	at ✽.Then status 400 (login.feature:25)</failure>
  </testcase>
  <testcase classname="karate.request.User.login" name="check the login Method with bad credentials" time="0.399106">
    <failure message="login.feature:25 - status code was: 200, expected: 400, response time: 394, url: https://petstore.swagger.io/v2/user/login?username=&amp;password=0000, response: {&quot;code&quot;:200,&quot;type&quot;:&quot;unknown&quot;,&quot;message&quot;:&quot;logged in user session:1661727596744&quot;}">* url url ................................................................. passed
* params { username: '#(username)', password: '#(password)' } ............. passed
Given path 'user/login' ................................................... passed
When method get ........................................................... passed
Then status 200 ........................................................... passed
And assert response.code == 200 ........................................... passed
* url url ................................................................. passed
* params { username: '.45.2', password: '4sds5' } ......................... passed
Given path 'user/login' ................................................... passed
When method get ........................................................... passed
Then status 400 ........................................................... failed

Stack Trace:
com.intuit.karate.exception.KarateException: login.feature:25 - status code was: 200, expected: 400, response time: 371, url: https://petstore.swagger.io/v2/user/login?username=.45.2&amp;password=4sds5, response: {"code":200,"type":"unknown","message":"logged in user session:1661727595938"}&#13;
	at ✽.Then status 400 (login.feature:25)&#13;

* url url ................................................................. passed
* params { username: '"NotFound"', password: ')/&amp;/(' } .................... passed
Given path 'user/login' ................................................... passed
When method get ........................................................... passed
Then status 400 ........................................................... failed

Stack Trace:
com.intuit.karate.exception.KarateException: login.feature:25 - status code was: 200, expected: 400, response time: 374, url: https://petstore.swagger.io/v2/user/login?username=%22NotFound%22&amp;password=%29%2F%26%2F%28, response: {"code":200,"type":"unknown","message":"logged in user session:1661727596331"}&#13;
	at ✽.Then status 400 (login.feature:25)&#13;

* url url ................................................................. passed
* params { username: '', password: '0000' } ............................... passed
Given path 'user/login' ................................................... passed
When method get ........................................................... passed
Then status 400 ........................................................... failed

Stack Trace:
com.intuit.karate.exception.KarateException: login.feature:25 - status code was: 200, expected: 400, response time: 394, url: https://petstore.swagger.io/v2/user/login?username=&amp;password=0000, response: {"code":200,"type":"unknown","message":"logged in user session:1661727596744"}&#13;
	at ✽.Then status 400 (login.feature:25)</failure>
  </testcase>
  <testcase classname="karate.request.User.login" name="check the login Method with bad credentials" time="0.451535">
    <failure message="login.feature:25 - status code was: 200, expected: 400, response time: 447, url: https://petstore.swagger.io/v2/user/login?username=%22%40%23%24%25%26%22&amp;password=OIUHJK, response: {&quot;code&quot;:200,&quot;type&quot;:&quot;unknown&quot;,&quot;message&quot;:&quot;logged in user session:1661727597200&quot;}">* url url ................................................................. passed
* params { username: '#(username)', password: '#(password)' } ............. passed
Given path 'user/login' ................................................... passed
When method get ........................................................... passed
Then status 200 ........................................................... passed
And assert response.code == 200 ........................................... passed
* url url ................................................................. passed
* params { username: '.45.2', password: '4sds5' } ......................... passed
Given path 'user/login' ................................................... passed
When method get ........................................................... passed
Then status 400 ........................................................... failed

Stack Trace:
com.intuit.karate.exception.KarateException: login.feature:25 - status code was: 200, expected: 400, response time: 371, url: https://petstore.swagger.io/v2/user/login?username=.45.2&amp;password=4sds5, response: {"code":200,"type":"unknown","message":"logged in user session:1661727595938"}&#13;
	at ✽.Then status 400 (login.feature:25)&#13;

* url url ................................................................. passed
* params { username: '"NotFound"', password: ')/&amp;/(' } .................... passed
Given path 'user/login' ................................................... passed
When method get ........................................................... passed
Then status 400 ........................................................... failed

Stack Trace:
com.intuit.karate.exception.KarateException: login.feature:25 - status code was: 200, expected: 400, response time: 374, url: https://petstore.swagger.io/v2/user/login?username=%22NotFound%22&amp;password=%29%2F%26%2F%28, response: {"code":200,"type":"unknown","message":"logged in user session:1661727596331"}&#13;
	at ✽.Then status 400 (login.feature:25)&#13;

* url url ................................................................. passed
* params { username: '', password: '0000' } ............................... passed
Given path 'user/login' ................................................... passed
When method get ........................................................... passed
Then status 400 ........................................................... failed

Stack Trace:
com.intuit.karate.exception.KarateException: login.feature:25 - status code was: 200, expected: 400, response time: 394, url: https://petstore.swagger.io/v2/user/login?username=&amp;password=0000, response: {"code":200,"type":"unknown","message":"logged in user session:1661727596744"}&#13;
	at ✽.Then status 400 (login.feature:25)&#13;

* url url ................................................................. passed
* params { username: '"@#$%&amp;"', password: 'OIUHJK' } ...................... passed
Given path 'user/login' ................................................... passed
When method get ........................................................... passed
Then status 400 ........................................................... failed

Stack Trace:
com.intuit.karate.exception.KarateException: login.feature:25 - status code was: 200, expected: 400, response time: 447, url: https://petstore.swagger.io/v2/user/login?username=%22%40%23%24%25%26%22&amp;password=OIUHJK, response: {"code":200,"type":"unknown","message":"logged in user session:1661727597200"}&#13;
	at ✽.Then status 400 (login.feature:25)</failure>
  </testcase>
</testsuite>
