<testsuite failures="0" name="karate/request/pet/01_AddPet/post.feature" skipped="0" tests="4" time="3.236753">
  <testcase classname="karate.request.pet.01_AddPet.post" name="check the service POST" time="1.972272">
    <system-out>* url url ................................................................. passed
* def CreatePet = {"id": '#(id)',"category": {"id": 1,"name": 'perro'},"name": "doggie","photoUrls": ["string"],"tags": [{"id": 1,"name": '#(tagsName)'}],"status": "available"} . passed
Given path 'pet' .......................................................... passed
And request CreatePet ..................................................... passed
When method POST .......................................................... passed
Then status 200 ........................................................... passed</system-out>
  </testcase>
  <testcase classname="karate.request.pet.01_AddPet.post" name="Add a pet using a invalid status" time="0.457983">
    <system-out>* url url ................................................................. passed
* def CreatePet = {"id": '#(id)',"category": {"id": 1,"name": 'perro'},"name": "doggie","photoUrls": ["string"],"tags": [{"id": 1,"name": '#(tagsName)'}],"status": "available"} . passed
Given path 'pet' .......................................................... passed
And request CreatePet ..................................................... passed
When method POST .......................................................... passed
Then status 200 ........................................................... passed
* url url ................................................................. passed
Given path 'pet' .......................................................... passed
And request ")/(&amp;/%" ...................................................... passed
When method POST .......................................................... passed
Then status 415 ........................................................... passed</system-out>
  </testcase>
  <testcase classname="karate.request.pet.01_AddPet.post" name="Add a pet using a invalid status" time="0.377233">
    <system-out>* url url ................................................................. passed
* def CreatePet = {"id": '#(id)',"category": {"id": 1,"name": 'perro'},"name": "doggie","photoUrls": ["string"],"tags": [{"id": 1,"name": '#(tagsName)'}],"status": "available"} . passed
Given path 'pet' .......................................................... passed
And request CreatePet ..................................................... passed
When method POST .......................................................... passed
Then status 200 ........................................................... passed
* url url ................................................................. passed
Given path 'pet' .......................................................... passed
And request ")/(&amp;/%" ...................................................... passed
When method POST .......................................................... passed
Then status 415 ........................................................... passed
* url url ................................................................. passed
Given path 'pet' .......................................................... passed
And request "squirtle" .................................................... passed
When method POST .......................................................... passed
Then status 415 ........................................................... passed</system-out>
  </testcase>
  <testcase classname="karate.request.pet.01_AddPet.post" name="Add a pet using a invalid status" time="0.429264">
    <system-out>* url url ................................................................. passed
* def CreatePet = {"id": '#(id)',"category": {"id": 1,"name": 'perro'},"name": "doggie","photoUrls": ["string"],"tags": [{"id": 1,"name": '#(tagsName)'}],"status": "available"} . passed
Given path 'pet' .......................................................... passed
And request CreatePet ..................................................... passed
When method POST .......................................................... passed
Then status 200 ........................................................... passed
* url url ................................................................. passed
Given path 'pet' .......................................................... passed
And request ")/(&amp;/%" ...................................................... passed
When method POST .......................................................... passed
Then status 415 ........................................................... passed
* url url ................................................................. passed
Given path 'pet' .......................................................... passed
And request "squirtle" .................................................... passed
When method POST .......................................................... passed
Then status 415 ........................................................... passed
* url url ................................................................. passed
Given path 'pet' .......................................................... passed
And request 123.123 ....................................................... passed
When method POST .......................................................... passed
Then status 415 ........................................................... passed</system-out>
  </testcase>
</testsuite>
