<testsuite failures="0" name="karate/request/pet/03_UpdatePet/put.feature" skipped="0" tests="3" time="1.141544">
  <testcase classname="karate.request.pet.03_UpdatePet.put" name="check the service PUT (UpdatePet) To see if status code is 200." time="0.376187">
    <system-out>* url url ................................................................. passed
* def requestPut = {"id": '#(id)',"category": {"id": 1,"name": 'perro'},"name": "doggie","photoUrls": ["string"],"tags": [{"id": 1,"name": '#(tagsName)'}],"status": "available"} . passed
* def responsePut = read('classpath:Karate/request/pet/03_UpdatePet/responsePut.json') . passed
Given path 'pet' .......................................................... passed
And request requestPut .................................................... passed
When method PUT ........................................................... passed
Then status 200 ........................................................... passed
And match response == responsePut ......................................... passed</system-out>
  </testcase>
  <testcase classname="karate.request.pet.03_UpdatePet.put" name="Update a pet with invalid category ID" time="0.366178">
    <system-out>* url url ................................................................. passed
* def requestPut = {"id": '#(id)',"category": {"id": 1,"name": 'perro'},"name": "doggie","photoUrls": ["string"],"tags": [{"id": 1,"name": '#(tagsName)'}],"status": "available"} . passed
* def responsePut = read('classpath:Karate/request/pet/03_UpdatePet/responsePut.json') . passed
Given path 'pet' .......................................................... passed
And request requestPut .................................................... passed
When method PUT ........................................................... passed
Then status 200 ........................................................... passed
And match response == responsePut ......................................... passed
* url url ................................................................. passed
* def requestPut = {"id": '#(id)',"category": {"id": 1,"name": 'perro'},"name": "doggie","photoUrls": ["string"],"tags": [{"id": 1,"name": '#(tagsName)'}],"status": "available"} . passed
* def requestPut = {"id": '#(id)',"category": {"id": 1,"name": 'perro'},"name": "doggie","photoUrls": ["string"],"tags": [{"id": 1,"name": '#(tagsName)'}],"status": "available"} . passed
* set requestPut.category.id = "@$#%&amp;" .................................... passed
Given path 'pet' .......................................................... passed
And request requestPut .................................................... passed
When method PUT ........................................................... passed
Then status 500 ........................................................... passed</system-out>
  </testcase>
  <testcase classname="karate.request.pet.03_UpdatePet.put" name="Update a pet with invalid category ID" time="0.399179">
    <system-out>* url url ................................................................. passed
* def requestPut = {"id": '#(id)',"category": {"id": 1,"name": 'perro'},"name": "doggie","photoUrls": ["string"],"tags": [{"id": 1,"name": '#(tagsName)'}],"status": "available"} . passed
* def responsePut = read('classpath:Karate/request/pet/03_UpdatePet/responsePut.json') . passed
Given path 'pet' .......................................................... passed
And request requestPut .................................................... passed
When method PUT ........................................................... passed
Then status 200 ........................................................... passed
And match response == responsePut ......................................... passed
* url url ................................................................. passed
* def requestPut = {"id": '#(id)',"category": {"id": 1,"name": 'perro'},"name": "doggie","photoUrls": ["string"],"tags": [{"id": 1,"name": '#(tagsName)'}],"status": "available"} . passed
* def requestPut = {"id": '#(id)',"category": {"id": 1,"name": 'perro'},"name": "doggie","photoUrls": ["string"],"tags": [{"id": 1,"name": '#(tagsName)'}],"status": "available"} . passed
* set requestPut.category.id = "@$#%&amp;" .................................... passed
Given path 'pet' .......................................................... passed
And request requestPut .................................................... passed
When method PUT ........................................................... passed
Then status 500 ........................................................... passed
* url url ................................................................. passed
* def requestPut = {"id": '#(id)',"category": {"id": 1,"name": 'perro'},"name": "doggie","photoUrls": ["string"],"tags": [{"id": 1,"name": '#(tagsName)'}],"status": "available"} . passed
* def requestPut = {"id": '#(id)',"category": {"id": 1,"name": 'perro'},"name": "doggie","photoUrls": ["string"],"tags": [{"id": 1,"name": '#(tagsName)'}],"status": "available"} . passed
* set requestPut.category.id = "horse" .................................... passed
Given path 'pet' .......................................................... passed
And request requestPut .................................................... passed
When method PUT ........................................................... passed
Then status 500 ........................................................... passed</system-out>
  </testcase>
</testsuite>
