<testsuite failures="0" name="karate/request/pet/02_FindPetID/get.feature" skipped="0" tests="4" time="1.533683">
  <testcase classname="karate.request.pet.02_FindPetID.get" name="Check the service GET" time="0.388946">
    <system-out>* url url ................................................................. passed
* def responseGet = read('classpath:Karate/request/pet/02_FindPetID/responseGet.json') . passed
Given path 'pet', id ...................................................... passed
When method GET ........................................................... passed
Then status 200 ........................................................... passed
And match response == responseGet ......................................... passed</system-out>
  </testcase>
  <testcase classname="karate.request.pet.02_FindPetID.get" name="Find a pet by ID incorrect" time="0.373564">
    <system-out>* url url ................................................................. passed
* def responseGet = read('classpath:Karate/request/pet/02_FindPetID/responseGet.json') . passed
Given path 'pet', id ...................................................... passed
When method GET ........................................................... passed
Then status 200 ........................................................... passed
And match response == responseGet ......................................... passed
* url url ................................................................. passed
Given path 'pet', id ...................................................... passed
And request "@#$%" ........................................................ passed
When method GET ........................................................... passed
Then status 404 ........................................................... passed</system-out>
  </testcase>
  <testcase classname="karate.request.pet.02_FindPetID.get" name="Find a pet by ID incorrect" time="0.370632">
    <system-out>* url url ................................................................. passed
* def responseGet = read('classpath:Karate/request/pet/02_FindPetID/responseGet.json') . passed
Given path 'pet', id ...................................................... passed
When method GET ........................................................... passed
Then status 200 ........................................................... passed
And match response == responseGet ......................................... passed
* url url ................................................................. passed
Given path 'pet', id ...................................................... passed
And request "@#$%" ........................................................ passed
When method GET ........................................................... passed
Then status 404 ........................................................... passed
* url url ................................................................. passed
Given path 'pet', id ...................................................... passed
And request "doggie" ...................................................... passed
When method GET ........................................................... passed
Then status 404 ........................................................... passed</system-out>
  </testcase>
  <testcase classname="karate.request.pet.02_FindPetID.get" name="Find a pet by ID incorrect" time="0.40054">
    <system-out>* url url ................................................................. passed
* def responseGet = read('classpath:Karate/request/pet/02_FindPetID/responseGet.json') . passed
Given path 'pet', id ...................................................... passed
When method GET ........................................................... passed
Then status 200 ........................................................... passed
And match response == responseGet ......................................... passed
* url url ................................................................. passed
Given path 'pet', id ...................................................... passed
And request "@#$%" ........................................................ passed
When method GET ........................................................... passed
Then status 404 ........................................................... passed
* url url ................................................................. passed
Given path 'pet', id ...................................................... passed
And request "doggie" ...................................................... passed
When method GET ........................................................... passed
Then status 404 ........................................................... passed
* url url ................................................................. passed
Given path 'pet', id ...................................................... passed
And request 123.123 ....................................................... passed
When method GET ........................................................... passed
Then status 404 ........................................................... passed</system-out>
  </testcase>
</testsuite>
