<testsuite failures="0" name="karate/request/delete.feature" skipped="0" tests="5" time="1.970881">
  <testcase classname="karate.request.delete" name="Check the service DELETE" time="0.422282">
    <system-out>* url url ................................................................. passed
Given path 'pet', id ...................................................... passed
When method delete ........................................................ passed
Then status 200 ........................................................... passed</system-out>
  </testcase>
  <testcase classname="karate.request.delete" name="DELETE a pet with values an id in the url" time="0.357732">
    <system-out>* url url ................................................................. passed
Given path 'pet', id ...................................................... passed
When method delete ........................................................ passed
Then status 200 ........................................................... passed
* url url ................................................................. passed
Given path 'pet', 123.123 ................................................. passed
When method DELETE ........................................................ passed
Then status 404 ........................................................... passed
And match response == {"code": "#number","type": "#string","message": "#string"} . passed</system-out>
  </testcase>
  <testcase classname="karate.request.delete" name="DELETE a pet with values an id in the url" time="0.392343">
    <system-out>* url url ................................................................. passed
Given path 'pet', id ...................................................... passed
When method delete ........................................................ passed
Then status 200 ........................................................... passed
* url url ................................................................. passed
Given path 'pet', 123.123 ................................................. passed
When method DELETE ........................................................ passed
Then status 404 ........................................................... passed
And match response == {"code": "#number","type": "#string","message": "#string"} . passed
* url url ................................................................. passed
Given path 'pet', "testfish" .............................................. passed
When method DELETE ........................................................ passed
Then status 404 ........................................................... passed
And match response == {"code": "#number","type": "#string","message": "#string"} . passed</system-out>
  </testcase>
  <testcase classname="karate.request.delete" name="DELETE a pet with values an id in the url" time="0.448654">
    <system-out>* url url ................................................................. passed
Given path 'pet', id ...................................................... passed
When method delete ........................................................ passed
Then status 200 ........................................................... passed
* url url ................................................................. passed
Given path 'pet', 123.123 ................................................. passed
When method DELETE ........................................................ passed
Then status 404 ........................................................... passed
And match response == {"code": "#number","type": "#string","message": "#string"} . passed
* url url ................................................................. passed
Given path 'pet', "testfish" .............................................. passed
When method DELETE ........................................................ passed
Then status 404 ........................................................... passed
And match response == {"code": "#number","type": "#string","message": "#string"} . passed
* url url ................................................................. passed
Given path 'pet',  ........................................................ passed
When method DELETE ........................................................ passed
Then status 405 ........................................................... passed
And match response == &lt;?xml version="1.0" encoding="UTF-8" standalone="yes"?&gt;&lt;apiResponse&gt;&lt;type&gt;unknown&lt;/type&gt;&lt;/apiResponse&gt; . passed</system-out>
  </testcase>
  <testcase classname="karate.request.delete" name="DELETE a pet with values an id in the url" time="0.34987">
    <system-out>* url url ................................................................. passed
Given path 'pet', id ...................................................... passed
When method delete ........................................................ passed
Then status 200 ........................................................... passed
* url url ................................................................. passed
Given path 'pet', 123.123 ................................................. passed
When method DELETE ........................................................ passed
Then status 404 ........................................................... passed
And match response == {"code": "#number","type": "#string","message": "#string"} . passed
* url url ................................................................. passed
Given path 'pet', "testfish" .............................................. passed
When method DELETE ........................................................ passed
Then status 404 ........................................................... passed
And match response == {"code": "#number","type": "#string","message": "#string"} . passed
* url url ................................................................. passed
Given path 'pet',  ........................................................ passed
When method DELETE ........................................................ passed
Then status 405 ........................................................... passed
And match response == &lt;?xml version="1.0" encoding="UTF-8" standalone="yes"?&gt;&lt;apiResponse&gt;&lt;type&gt;unknown&lt;/type&gt;&lt;/apiResponse&gt; . passed
* url url ................................................................. passed
Given path 'pet', "@#$%&amp;" ................................................. passed
When method DELETE ........................................................ passed
Then status 404 ........................................................... passed
And match response == {"code": "#number","type": "#string","message": "#string"} . passed</system-out>
  </testcase>
</testsuite>
