<testsuite failures="4" name="karate/request/Karate.request/user/login.feature" skipped="0" tests="5" time="2.006269">
  <testcase classname="karate.request.Karate.request.user.login" name="check the login Method" time="0.397152">
    <system-out>* url url ................................................................. passed
* params { username: '#(username)', password: '#(password)' } ............. passed
Given path 'user/login' ................................................... passed
When method get ........................................................... passed
Then status 200 ........................................................... passed
And assert response.code == 200 ........................................... passed</system-out>
  </testcase>
  <testcase classname="karate.request.Karate.request.user.login" name="check the login Method with bad credentials" time="0.402086">
    <failure message="login.feature:25 - status code was: 200, expected: 400, response time: 397, url: https://petstore.swagger.io/v2/user/login?username=.45.2&amp;password=4sds5, response: {&quot;code&quot;:200,&quot;type&quot;:&quot;unknown&quot;,&quot;message&quot;:&quot;logged in user session:1661739474091&quot;}">* url url ................................................................. passed
* params { username: '#(username)', password: '#(password)' } ............. passed
Given path 'user/login' ................................................... passed
When method get ........................................................... passed
Then status 200 ........................................................... passed
And assert response.code == 200 ........................................... passed
* url url ................................................................. passed
* params { username: '.45.2', password: '4sds5' } ......................... passed
Given path 'user/login' ................................................... passed
When method get ........................................................... passed
Then status 400 ........................................................... failed

Stack Trace:
com.intuit.karate.exception.KarateException: login.feature:25 - status code was: 200, expected: 400, response time: 397, url: https://petstore.swagger.io/v2/user/login?username=.45.2&amp;password=4sds5, response: {"code":200,"type":"unknown","message":"logged in user session:1661739474091"}&#13;
	at ✽.Then status 400 (login.feature:25)</failure>
  </testcase>
  <testcase classname="karate.request.Karate.request.user.login" name="check the login Method with bad credentials" time="0.402931">
    <failure message="login.feature:25 - status code was: 200, expected: 400, response time: 398, url: https://petstore.swagger.io/v2/user/login?username=%22NotFound%22&amp;password=%29%2F%26%2F%28, response: {&quot;code&quot;:200,&quot;type&quot;:&quot;unknown&quot;,&quot;message&quot;:&quot;logged in user session:1661739474506&quot;}">* url url ................................................................. passed
* params { username: '#(username)', password: '#(password)' } ............. passed
Given path 'user/login' ................................................... passed
When method get ........................................................... passed
Then status 200 ........................................................... passed
And assert response.code == 200 ........................................... passed
* url url ................................................................. passed
* params { username: '.45.2', password: '4sds5' } ......................... passed
Given path 'user/login' ................................................... passed
When method get ........................................................... passed
Then status 400 ........................................................... failed

Stack Trace:
com.intuit.karate.exception.KarateException: login.feature:25 - status code was: 200, expected: 400, response time: 397, url: https://petstore.swagger.io/v2/user/login?username=.45.2&amp;password=4sds5, response: {"code":200,"type":"unknown","message":"logged in user session:1661739474091"}&#13;
	at ✽.Then status 400 (login.feature:25)&#13;

* url url ................................................................. passed
* params { username: '"NotFound"', password: ')/&amp;/(' } .................... passed
Given path 'user/login' ................................................... passed
When method get ........................................................... passed
Then status 400 ........................................................... failed

Stack Trace:
com.intuit.karate.exception.KarateException: login.feature:25 - status code was: 200, expected: 400, response time: 398, url: https://petstore.swagger.io/v2/user/login?username=%22NotFound%22&amp;password=%29%2F%26%2F%28, response: {"code":200,"type":"unknown","message":"logged in user session:1661739474506"}&#13;
	at ✽.Then status 400 (login.feature:25)</failure>
  </testcase>
  <testcase classname="karate.request.Karate.request.user.login" name="check the login Method with bad credentials" time="0.382452">
    <failure message="login.feature:25 - status code was: 200, expected: 400, response time: 378, url: https://petstore.swagger.io/v2/user/login?username=&amp;password=0000, response: {&quot;code&quot;:200,&quot;type&quot;:&quot;unknown&quot;,&quot;message&quot;:&quot;logged in user session:1661739474904&quot;}">* url url ................................................................. passed
* params { username: '#(username)', password: '#(password)' } ............. passed
Given path 'user/login' ................................................... passed
When method get ........................................................... passed
Then status 200 ........................................................... passed
And assert response.code == 200 ........................................... passed
* url url ................................................................. passed
* params { username: '.45.2', password: '4sds5' } ......................... passed
Given path 'user/login' ................................................... passed
When method get ........................................................... passed
Then status 400 ........................................................... failed

Stack Trace:
com.intuit.karate.exception.KarateException: login.feature:25 - status code was: 200, expected: 400, response time: 397, url: https://petstore.swagger.io/v2/user/login?username=.45.2&amp;password=4sds5, response: {"code":200,"type":"unknown","message":"logged in user session:1661739474091"}&#13;
	at ✽.Then status 400 (login.feature:25)&#13;

* url url ................................................................. passed
* params { username: '"NotFound"', password: ')/&amp;/(' } .................... passed
Given path 'user/login' ................................................... passed
When method get ........................................................... passed
Then status 400 ........................................................... failed

Stack Trace:
com.intuit.karate.exception.KarateException: login.feature:25 - status code was: 200, expected: 400, response time: 398, url: https://petstore.swagger.io/v2/user/login?username=%22NotFound%22&amp;password=%29%2F%26%2F%28, response: {"code":200,"type":"unknown","message":"logged in user session:1661739474506"}&#13;
	at ✽.Then status 400 (login.feature:25)&#13;

* url url ................................................................. passed
* params { username: '', password: '0000' } ............................... passed
Given path 'user/login' ................................................... passed
When method get ........................................................... passed
Then status 400 ........................................................... failed

Stack Trace:
com.intuit.karate.exception.KarateException: login.feature:25 - status code was: 200, expected: 400, response time: 378, url: https://petstore.swagger.io/v2/user/login?username=&amp;password=0000, response: {"code":200,"type":"unknown","message":"logged in user session:1661739474904"}&#13;
	at ✽.Then status 400 (login.feature:25)</failure>
  </testcase>
  <testcase classname="karate.request.Karate.request.user.login" name="check the login Method with bad credentials" time="0.421648">
    <failure message="login.feature:25 - status code was: 200, expected: 400, response time: 417, url: https://petstore.swagger.io/v2/user/login?username=%22%40%23%24%25%26%22&amp;password=OIUHJK, response: {&quot;code&quot;:200,&quot;type&quot;:&quot;unknown&quot;,&quot;message&quot;:&quot;logged in user session:1661739475322&quot;}">* url url ................................................................. passed
* params { username: '#(username)', password: '#(password)' } ............. passed
Given path 'user/login' ................................................... passed
When method get ........................................................... passed
Then status 200 ........................................................... passed
And assert response.code == 200 ........................................... passed
* url url ................................................................. passed
* params { username: '.45.2', password: '4sds5' } ......................... passed
Given path 'user/login' ................................................... passed
When method get ........................................................... passed
Then status 400 ........................................................... failed

Stack Trace:
com.intuit.karate.exception.KarateException: login.feature:25 - status code was: 200, expected: 400, response time: 397, url: https://petstore.swagger.io/v2/user/login?username=.45.2&amp;password=4sds5, response: {"code":200,"type":"unknown","message":"logged in user session:1661739474091"}&#13;
	at ✽.Then status 400 (login.feature:25)&#13;

* url url ................................................................. passed
* params { username: '"NotFound"', password: ')/&amp;/(' } .................... passed
Given path 'user/login' ................................................... passed
When method get ........................................................... passed
Then status 400 ........................................................... failed

Stack Trace:
com.intuit.karate.exception.KarateException: login.feature:25 - status code was: 200, expected: 400, response time: 398, url: https://petstore.swagger.io/v2/user/login?username=%22NotFound%22&amp;password=%29%2F%26%2F%28, response: {"code":200,"type":"unknown","message":"logged in user session:1661739474506"}&#13;
	at ✽.Then status 400 (login.feature:25)&#13;

* url url ................................................................. passed
* params { username: '', password: '0000' } ............................... passed
Given path 'user/login' ................................................... passed
When method get ........................................................... passed
Then status 400 ........................................................... failed

Stack Trace:
com.intuit.karate.exception.KarateException: login.feature:25 - status code was: 200, expected: 400, response time: 378, url: https://petstore.swagger.io/v2/user/login?username=&amp;password=0000, response: {"code":200,"type":"unknown","message":"logged in user session:1661739474904"}&#13;
	at ✽.Then status 400 (login.feature:25)&#13;

* url url ................................................................. passed
* params { username: '"@#$%&amp;"', password: 'OIUHJK' } ...................... passed
Given path 'user/login' ................................................... passed
When method get ........................................................... passed
Then status 400 ........................................................... failed

Stack Trace:
com.intuit.karate.exception.KarateException: login.feature:25 - status code was: 200, expected: 400, response time: 417, url: https://petstore.swagger.io/v2/user/login?username=%22%40%23%24%25%26%22&amp;password=OIUHJK, response: {"code":200,"type":"unknown","message":"logged in user session:1661739475322"}&#13;
	at ✽.Then status 400 (login.feature:25)</failure>
  </testcase>
</testsuite>
