<testsuite failures="3" name="karate/request/pet/post.feature" skipped="0" tests="4" time="1.694529">
  <testcase classname="karate.request.pet.post" name="check the service POST" time="0.420991">
    <system-out>* url url ................................................................. passed
* def CreatePet = {"id": '#(id)',"category": {"id": 1,"name": '#(nameCategory)'},"name": "doggie","photoUrls": ["string"],"tags": [{"id": 1,"name": '#(tagsName)'}],"status": "available"} . passed
Given path 'pet' .......................................................... passed
And request CreatePet ..................................................... passed
When method POST .......................................................... passed
Then status 200 ........................................................... passed</system-out>
  </testcase>
  <testcase classname="karate.request.pet.post" name="Add a pet using a valid status" time="0.378586">
    <failure message="post.feature:24 - status code was: 415, expected: 400, response time: 366, url: https://petstore.swagger.io/v2/pet, response: &lt;apiResponse&gt;&lt;type&gt;unknown&lt;/type&gt;&lt;/apiResponse&gt;">* url url ................................................................. passed
* def CreatePet = {"id": '#(id)',"category": {"id": 1,"name": '#(nameCategory)'},"name": "doggie","photoUrls": ["string"],"tags": [{"id": 1,"name": '#(tagsName)'}],"status": "available"} . passed
Given path 'pet' .......................................................... passed
And request CreatePet ..................................................... passed
When method POST .......................................................... passed
Then status 200 ........................................................... passed
* url url ................................................................. passed
Given path 'pet' .......................................................... passed
And request "@$#%&amp;" ....................................................... passed
When method post .......................................................... passed
Then status 400 ........................................................... failed

Stack Trace:
com.intuit.karate.exception.KarateException: post.feature:24 - status code was: 415, expected: 400, response time: 366, url: https://petstore.swagger.io/v2/pet, response: &lt;apiResponse&gt;&lt;type&gt;unknown&lt;/type&gt;&lt;/apiResponse&gt;&#13;
	at ✽.Then status 400 (post.feature:24)</failure>
  </testcase>
  <testcase classname="karate.request.pet.post" name="Add a pet using a valid status" time="0.407399">
    <failure message="post.feature:24 - status code was: 415, expected: 400, response time: 395, url: https://petstore.swagger.io/v2/pet, response: &lt;apiResponse&gt;&lt;type&gt;unknown&lt;/type&gt;&lt;/apiResponse&gt;">* url url ................................................................. passed
* def CreatePet = {"id": '#(id)',"category": {"id": 1,"name": '#(nameCategory)'},"name": "doggie","photoUrls": ["string"],"tags": [{"id": 1,"name": '#(tagsName)'}],"status": "available"} . passed
Given path 'pet' .......................................................... passed
And request CreatePet ..................................................... passed
When method POST .......................................................... passed
Then status 200 ........................................................... passed
* url url ................................................................. passed
Given path 'pet' .......................................................... passed
And request "@$#%&amp;" ....................................................... passed
When method post .......................................................... passed
Then status 400 ........................................................... failed

Stack Trace:
com.intuit.karate.exception.KarateException: post.feature:24 - status code was: 415, expected: 400, response time: 366, url: https://petstore.swagger.io/v2/pet, response: &lt;apiResponse&gt;&lt;type&gt;unknown&lt;/type&gt;&lt;/apiResponse&gt;&#13;
	at ✽.Then status 400 (post.feature:24)&#13;

* url url ................................................................. passed
Given path 'pet' .......................................................... passed
And request "squirtle" .................................................... passed
When method post .......................................................... passed
Then status 400 ........................................................... failed

Stack Trace:
com.intuit.karate.exception.KarateException: post.feature:24 - status code was: 415, expected: 400, response time: 395, url: https://petstore.swagger.io/v2/pet, response: &lt;apiResponse&gt;&lt;type&gt;unknown&lt;/type&gt;&lt;/apiResponse&gt;&#13;
	at ✽.Then status 400 (post.feature:24)</failure>
  </testcase>
  <testcase classname="karate.request.pet.post" name="Add a pet using a valid status" time="0.487553">
    <failure message="post.feature:24 - status code was: 415, expected: 400, response time: 476, url: https://petstore.swagger.io/v2/pet, response: &lt;apiResponse&gt;&lt;type&gt;unknown&lt;/type&gt;&lt;/apiResponse&gt;">* url url ................................................................. passed
* def CreatePet = {"id": '#(id)',"category": {"id": 1,"name": '#(nameCategory)'},"name": "doggie","photoUrls": ["string"],"tags": [{"id": 1,"name": '#(tagsName)'}],"status": "available"} . passed
Given path 'pet' .......................................................... passed
And request CreatePet ..................................................... passed
When method POST .......................................................... passed
Then status 200 ........................................................... passed
* url url ................................................................. passed
Given path 'pet' .......................................................... passed
And request "@$#%&amp;" ....................................................... passed
When method post .......................................................... passed
Then status 400 ........................................................... failed

Stack Trace:
com.intuit.karate.exception.KarateException: post.feature:24 - status code was: 415, expected: 400, response time: 366, url: https://petstore.swagger.io/v2/pet, response: &lt;apiResponse&gt;&lt;type&gt;unknown&lt;/type&gt;&lt;/apiResponse&gt;&#13;
	at ✽.Then status 400 (post.feature:24)&#13;

* url url ................................................................. passed
Given path 'pet' .......................................................... passed
And request "squirtle" .................................................... passed
When method post .......................................................... passed
Then status 400 ........................................................... failed

Stack Trace:
com.intuit.karate.exception.KarateException: post.feature:24 - status code was: 415, expected: 400, response time: 395, url: https://petstore.swagger.io/v2/pet, response: &lt;apiResponse&gt;&lt;type&gt;unknown&lt;/type&gt;&lt;/apiResponse&gt;&#13;
	at ✽.Then status 400 (post.feature:24)&#13;

* url url ................................................................. passed
Given path 'pet' .......................................................... passed
And request 123.123 ....................................................... passed
When method post .......................................................... passed
Then status 400 ........................................................... failed

Stack Trace:
com.intuit.karate.exception.KarateException: post.feature:24 - status code was: 415, expected: 400, response time: 476, url: https://petstore.swagger.io/v2/pet, response: &lt;apiResponse&gt;&lt;type&gt;unknown&lt;/type&gt;&lt;/apiResponse&gt;&#13;
	at ✽.Then status 400 (post.feature:24)</failure>
  </testcase>
</testsuite>
