<testsuite failures="4" name="karate/request/pet/03_UpdatePet/put.feature" skipped="0" tests="4" time="1.646953">
  <testcase classname="karate.request.pet.03_UpdatePet.put" name="check the service PUT (UpdatePet) To see if status code is 200." time="0.430528">
    <failure message="put.feature:18 - status code was: 500, expected: 200, response time: 387, url: https://petstore.swagger.io/v2/pet, response: {&quot;code&quot;:500,&quot;type&quot;:&quot;unknown&quot;,&quot;message&quot;:&quot;something bad happened&quot;}">* url url ................................................................. passed
* def requestPut = {"id": "#(id)", "category": {"id": "#(idCategory)", "name": "#(nameCategory)"},"name": "#(name)","photoUrls": ["#(photoUrls)"],"tags": [{"id": "#(idTags)","name": "#(nameTags)"}],"status": "#(status)"} . passed
* def responsePut = read('classpath:Karate/request/pet/03_UpdatePet/responsePut.json') . passed
Given path 'pet' .......................................................... passed
And request requestPut .................................................... passed
When method put ........................................................... passed
Then status 200 ........................................................... failed

Stack Trace:
com.intuit.karate.exception.KarateException: put.feature:18 - status code was: 500, expected: 200, response time: 387, url: https://petstore.swagger.io/v2/pet, response: {"code":500,"type":"unknown","message":"something bad happened"}&#13;
	at ✽.Then status 200 (put.feature:18)&#13;

And match response == responsePut ......................................... skipped</failure>
  </testcase>
  <testcase classname="karate.request.pet.03_UpdatePet.put" name="Update a pet with invalid category ID" time="0.412688">
    <failure message="put.feature:26 - status code was: 415, expected: 404, response time: 406, url: https://petstore.swagger.io/v2/pet, response: &lt;apiResponse&gt;&lt;type&gt;unknown&lt;/type&gt;&lt;/apiResponse&gt;">* url url ................................................................. passed
* def requestPut = {"id": "#(id)", "category": {"id": "#(idCategory)", "name": "#(nameCategory)"},"name": "#(name)","photoUrls": ["#(photoUrls)"],"tags": [{"id": "#(idTags)","name": "#(nameTags)"}],"status": "#(status)"} . passed
* def responsePut = read('classpath:Karate/request/pet/03_UpdatePet/responsePut.json') . passed
Given path 'pet' .......................................................... passed
And request requestPut .................................................... passed
When method put ........................................................... passed
Then status 200 ........................................................... failed

Stack Trace:
com.intuit.karate.exception.KarateException: put.feature:18 - status code was: 500, expected: 200, response time: 387, url: https://petstore.swagger.io/v2/pet, response: {"code":500,"type":"unknown","message":"something bad happened"}&#13;
	at ✽.Then status 200 (put.feature:18)&#13;

And match response == responsePut ......................................... skipped
* url url ................................................................. passed
Given path 'pet' .......................................................... passed
And request "@$#%&amp;" ....................................................... passed
When method PUT ........................................................... passed
Then status 404 ........................................................... failed

Stack Trace:
com.intuit.karate.exception.KarateException: put.feature:26 - status code was: 415, expected: 404, response time: 406, url: https://petstore.swagger.io/v2/pet, response: &lt;apiResponse&gt;&lt;type&gt;unknown&lt;/type&gt;&lt;/apiResponse&gt;&#13;
	at ✽.Then status 404 (put.feature:26)</failure>
  </testcase>
  <testcase classname="karate.request.pet.03_UpdatePet.put" name="Update a pet with invalid category ID" time="0.431263">
    <failure message="put.feature:26 - status code was: 415, expected: 404, response time: 420, url: https://petstore.swagger.io/v2/pet, response: &lt;apiResponse&gt;&lt;type&gt;unknown&lt;/type&gt;&lt;/apiResponse&gt;">* url url ................................................................. passed
* def requestPut = {"id": "#(id)", "category": {"id": "#(idCategory)", "name": "#(nameCategory)"},"name": "#(name)","photoUrls": ["#(photoUrls)"],"tags": [{"id": "#(idTags)","name": "#(nameTags)"}],"status": "#(status)"} . passed
* def responsePut = read('classpath:Karate/request/pet/03_UpdatePet/responsePut.json') . passed
Given path 'pet' .......................................................... passed
And request requestPut .................................................... passed
When method put ........................................................... passed
Then status 200 ........................................................... failed

Stack Trace:
com.intuit.karate.exception.KarateException: put.feature:18 - status code was: 500, expected: 200, response time: 387, url: https://petstore.swagger.io/v2/pet, response: {"code":500,"type":"unknown","message":"something bad happened"}&#13;
	at ✽.Then status 200 (put.feature:18)&#13;

And match response == responsePut ......................................... skipped
* url url ................................................................. passed
Given path 'pet' .......................................................... passed
And request "@$#%&amp;" ....................................................... passed
When method PUT ........................................................... passed
Then status 404 ........................................................... failed

Stack Trace:
com.intuit.karate.exception.KarateException: put.feature:26 - status code was: 415, expected: 404, response time: 406, url: https://petstore.swagger.io/v2/pet, response: &lt;apiResponse&gt;&lt;type&gt;unknown&lt;/type&gt;&lt;/apiResponse&gt;&#13;
	at ✽.Then status 404 (put.feature:26)&#13;

* url url ................................................................. passed
Given path 'pet' .......................................................... passed
And request "horse" ....................................................... passed
When method PUT ........................................................... passed
Then status 404 ........................................................... failed

Stack Trace:
com.intuit.karate.exception.KarateException: put.feature:26 - status code was: 415, expected: 404, response time: 420, url: https://petstore.swagger.io/v2/pet, response: &lt;apiResponse&gt;&lt;type&gt;unknown&lt;/type&gt;&lt;/apiResponse&gt;&#13;
	at ✽.Then status 404 (put.feature:26)</failure>
  </testcase>
  <testcase classname="karate.request.pet.03_UpdatePet.put" name="Update a pet with invalid category ID" time="0.372473">
    <failure message="put.feature:26 - status code was: 415, expected: 404, response time: 361, url: https://petstore.swagger.io/v2/pet, response: &lt;apiResponse&gt;&lt;type&gt;unknown&lt;/type&gt;&lt;/apiResponse&gt;">* url url ................................................................. passed
* def requestPut = {"id": "#(id)", "category": {"id": "#(idCategory)", "name": "#(nameCategory)"},"name": "#(name)","photoUrls": ["#(photoUrls)"],"tags": [{"id": "#(idTags)","name": "#(nameTags)"}],"status": "#(status)"} . passed
* def responsePut = read('classpath:Karate/request/pet/03_UpdatePet/responsePut.json') . passed
Given path 'pet' .......................................................... passed
And request requestPut .................................................... passed
When method put ........................................................... passed
Then status 200 ........................................................... failed

Stack Trace:
com.intuit.karate.exception.KarateException: put.feature:18 - status code was: 500, expected: 200, response time: 387, url: https://petstore.swagger.io/v2/pet, response: {"code":500,"type":"unknown","message":"something bad happened"}&#13;
	at ✽.Then status 200 (put.feature:18)&#13;

And match response == responsePut ......................................... skipped
* url url ................................................................. passed
Given path 'pet' .......................................................... passed
And request "@$#%&amp;" ....................................................... passed
When method PUT ........................................................... passed
Then status 404 ........................................................... failed

Stack Trace:
com.intuit.karate.exception.KarateException: put.feature:26 - status code was: 415, expected: 404, response time: 406, url: https://petstore.swagger.io/v2/pet, response: &lt;apiResponse&gt;&lt;type&gt;unknown&lt;/type&gt;&lt;/apiResponse&gt;&#13;
	at ✽.Then status 404 (put.feature:26)&#13;

* url url ................................................................. passed
Given path 'pet' .......................................................... passed
And request "horse" ....................................................... passed
When method PUT ........................................................... passed
Then status 404 ........................................................... failed

Stack Trace:
com.intuit.karate.exception.KarateException: put.feature:26 - status code was: 415, expected: 404, response time: 420, url: https://petstore.swagger.io/v2/pet, response: &lt;apiResponse&gt;&lt;type&gt;unknown&lt;/type&gt;&lt;/apiResponse&gt;&#13;
	at ✽.Then status 404 (put.feature:26)&#13;

* url url ................................................................. passed
Given path 'pet' .......................................................... passed
And request 7885457 ....................................................... passed
When method PUT ........................................................... passed
Then status 404 ........................................................... failed

Stack Trace:
com.intuit.karate.exception.KarateException: put.feature:26 - status code was: 415, expected: 404, response time: 361, url: https://petstore.swagger.io/v2/pet, response: &lt;apiResponse&gt;&lt;type&gt;unknown&lt;/type&gt;&lt;/apiResponse&gt;&#13;
	at ✽.Then status 404 (put.feature:26)</failure>
  </testcase>
</testsuite>
