<testsuite failures="3" name="karate/request/pet/01_AddPet/post.feature" skipped="0" tests="4" time="3.699025">
  <testcase classname="karate.request.pet.01_AddPet.post" name="check the service POST" time="2.259582">
    <system-out>* url url ................................................................. passed
* def CreatePet = {"id": '#(id)',"category": {"id": 1,"name": '#(nameCategory)'},"name": "doggie","photoUrls": ["string"],"tags": [{"id": 1,"name": '#(tagsName)'}],"status": "available"} . passed
Given path 'pet' .......................................................... passed
And request CreatePet ..................................................... passed
When method POST .......................................................... passed
Then status 200 ........................................................... passed</system-out>
  </testcase>
  <testcase classname="karate.request.pet.01_AddPet.post" name="Add a pet using a valid status" time="0.595234">
    <failure message="post.feature:28 - status code was: 415, expected: 400, response time: 426, url: https://petstore.swagger.io/v2/pet, response: &lt;apiResponse&gt;&lt;type&gt;unknown&lt;/type&gt;&lt;/apiResponse&gt;">* url url ................................................................. passed
* def CreatePet = {"id": '#(id)',"category": {"id": 1,"name": '#(nameCategory)'},"name": "doggie","photoUrls": ["string"],"tags": [{"id": 1,"name": '#(tagsName)'}],"status": "available"} . passed
Given path 'pet' .......................................................... passed
And request CreatePet ..................................................... passed
When method POST .......................................................... passed
Then status 200 ........................................................... passed
* url url ................................................................. passed
Given path 'pet' .......................................................... passed
And request "@$#%&amp;" ....................................................... passed
When method post .......................................................... passed
Then status 400 ........................................................... failed

Stack Trace:
com.intuit.karate.exception.KarateException: post.feature:28 - status code was: 415, expected: 400, response time: 426, url: https://petstore.swagger.io/v2/pet, response: &lt;apiResponse&gt;&lt;type&gt;unknown&lt;/type&gt;&lt;/apiResponse&gt;&#13;
	at ✽.Then status 400 (post.feature:28)</failure>
  </testcase>
  <testcase classname="karate.request.pet.01_AddPet.post" name="Add a pet using a valid status" time="0.431534">
    <failure message="post.feature:28 - status code was: 415, expected: 400, response time: 413, url: https://petstore.swagger.io/v2/pet, response: &lt;apiResponse&gt;&lt;type&gt;unknown&lt;/type&gt;&lt;/apiResponse&gt;">* url url ................................................................. passed
* def CreatePet = {"id": '#(id)',"category": {"id": 1,"name": '#(nameCategory)'},"name": "doggie","photoUrls": ["string"],"tags": [{"id": 1,"name": '#(tagsName)'}],"status": "available"} . passed
Given path 'pet' .......................................................... passed
And request CreatePet ..................................................... passed
When method POST .......................................................... passed
Then status 200 ........................................................... passed
* url url ................................................................. passed
Given path 'pet' .......................................................... passed
And request "@$#%&amp;" ....................................................... passed
When method post .......................................................... passed
Then status 400 ........................................................... failed

Stack Trace:
com.intuit.karate.exception.KarateException: post.feature:28 - status code was: 415, expected: 400, response time: 426, url: https://petstore.swagger.io/v2/pet, response: &lt;apiResponse&gt;&lt;type&gt;unknown&lt;/type&gt;&lt;/apiResponse&gt;&#13;
	at ✽.Then status 400 (post.feature:28)&#13;

* url url ................................................................. passed
Given path 'pet' .......................................................... passed
And request "squirtle" .................................................... passed
When method post .......................................................... passed
Then status 400 ........................................................... failed

Stack Trace:
com.intuit.karate.exception.KarateException: post.feature:28 - status code was: 415, expected: 400, response time: 413, url: https://petstore.swagger.io/v2/pet, response: &lt;apiResponse&gt;&lt;type&gt;unknown&lt;/type&gt;&lt;/apiResponse&gt;&#13;
	at ✽.Then status 400 (post.feature:28)</failure>
  </testcase>
  <testcase classname="karate.request.pet.01_AddPet.post" name="Add a pet using a valid status" time="0.412674">
    <failure message="post.feature:28 - status code was: 415, expected: 400, response time: 395, url: https://petstore.swagger.io/v2/pet, response: &lt;apiResponse&gt;&lt;type&gt;unknown&lt;/type&gt;&lt;/apiResponse&gt;">* url url ................................................................. passed
* def CreatePet = {"id": '#(id)',"category": {"id": 1,"name": '#(nameCategory)'},"name": "doggie","photoUrls": ["string"],"tags": [{"id": 1,"name": '#(tagsName)'}],"status": "available"} . passed
Given path 'pet' .......................................................... passed
And request CreatePet ..................................................... passed
When method POST .......................................................... passed
Then status 200 ........................................................... passed
* url url ................................................................. passed
Given path 'pet' .......................................................... passed
And request "@$#%&amp;" ....................................................... passed
When method post .......................................................... passed
Then status 400 ........................................................... failed

Stack Trace:
com.intuit.karate.exception.KarateException: post.feature:28 - status code was: 415, expected: 400, response time: 426, url: https://petstore.swagger.io/v2/pet, response: &lt;apiResponse&gt;&lt;type&gt;unknown&lt;/type&gt;&lt;/apiResponse&gt;&#13;
	at ✽.Then status 400 (post.feature:28)&#13;

* url url ................................................................. passed
Given path 'pet' .......................................................... passed
And request "squirtle" .................................................... passed
When method post .......................................................... passed
Then status 400 ........................................................... failed

Stack Trace:
com.intuit.karate.exception.KarateException: post.feature:28 - status code was: 415, expected: 400, response time: 413, url: https://petstore.swagger.io/v2/pet, response: &lt;apiResponse&gt;&lt;type&gt;unknown&lt;/type&gt;&lt;/apiResponse&gt;&#13;
	at ✽.Then status 400 (post.feature:28)&#13;

* url url ................................................................. passed
Given path 'pet' .......................................................... passed
And request 123.123 ....................................................... passed
When method post .......................................................... passed
Then status 400 ........................................................... failed

Stack Trace:
com.intuit.karate.exception.KarateException: post.feature:28 - status code was: 415, expected: 400, response time: 395, url: https://petstore.swagger.io/v2/pet, response: &lt;apiResponse&gt;&lt;type&gt;unknown&lt;/type&gt;&lt;/apiResponse&gt;&#13;
	at ✽.Then status 400 (post.feature:28)</failure>
  </testcase>
</testsuite>
