<testsuite failures="4" name="karate/request/pet/put.feature" skipped="0" tests="4" time="1.241323">
  <testcase classname="karate.request.pet.put" name="check the service PUT (UpdatePet) To see if status code is 200." time="0.051465">
    <failure message="put.feature:11 - could not find or read file: classpath:karate/request/responsePut.json">* url url ................................................................. passed
* def requestPut = {"id": "#(id)", "category": {"id": "#(idCategory)", "name": "#(nameCategory)"},"name": "#(name)","photoUrls": ["#(photoUrls)"],"tags": [{"id": "#(idTags)","name": "#(nameTags)"}],"status": "#(status)"} . passed
* def responsePut = read('classpath:karate/request/responsePut.json') ..... failed

Stack Trace:
com.intuit.karate.exception.KarateException: put.feature:11 - could not find or read file: classpath:karate/request/responsePut.json&#13;
	at ✽.* def responsePut = read('classpath:karate/request/responsePut.json') (put.feature:11)&#13;

Given path 'pet' .......................................................... skipped
And request requestPut .................................................... skipped
When method put ........................................................... skipped
Then status 200 ........................................................... skipped
And match response == responsePut ......................................... skipped</failure>
  </testcase>
  <testcase classname="karate.request.pet.put" name="Update a pet with invalid category ID" time="0.37484">
    <failure message="put.feature:23 - status code was: 415, expected: 404, response time: 363, url: https://petstore.swagger.io/v2/pet, response: &lt;apiResponse&gt;&lt;type&gt;unknown&lt;/type&gt;&lt;/apiResponse&gt;">* url url ................................................................. passed
* def requestPut = {"id": "#(id)", "category": {"id": "#(idCategory)", "name": "#(nameCategory)"},"name": "#(name)","photoUrls": ["#(photoUrls)"],"tags": [{"id": "#(idTags)","name": "#(nameTags)"}],"status": "#(status)"} . passed
* def responsePut = read('classpath:karate/request/responsePut.json') ..... failed

Stack Trace:
com.intuit.karate.exception.KarateException: put.feature:11 - could not find or read file: classpath:karate/request/responsePut.json&#13;
	at ✽.* def responsePut = read('classpath:karate/request/responsePut.json') (put.feature:11)&#13;

Given path 'pet' .......................................................... skipped
And request requestPut .................................................... skipped
When method put ........................................................... skipped
Then status 200 ........................................................... skipped
And match response == responsePut ......................................... skipped
* url url ................................................................. passed
Given path 'pet' .......................................................... passed
And request "@$#%&amp;" ....................................................... passed
When method PUT ........................................................... passed
Then status 404 ........................................................... failed

Stack Trace:
com.intuit.karate.exception.KarateException: put.feature:23 - status code was: 415, expected: 404, response time: 363, url: https://petstore.swagger.io/v2/pet, response: &lt;apiResponse&gt;&lt;type&gt;unknown&lt;/type&gt;&lt;/apiResponse&gt;&#13;
	at ✽.Then status 404 (put.feature:23)</failure>
  </testcase>
  <testcase classname="karate.request.pet.put" name="Update a pet with invalid category ID" time="0.410918">
    <failure message="put.feature:23 - status code was: 415, expected: 404, response time: 394, url: https://petstore.swagger.io/v2/pet, response: &lt;apiResponse&gt;&lt;type&gt;unknown&lt;/type&gt;&lt;/apiResponse&gt;">* url url ................................................................. passed
* def requestPut = {"id": "#(id)", "category": {"id": "#(idCategory)", "name": "#(nameCategory)"},"name": "#(name)","photoUrls": ["#(photoUrls)"],"tags": [{"id": "#(idTags)","name": "#(nameTags)"}],"status": "#(status)"} . passed
* def responsePut = read('classpath:karate/request/responsePut.json') ..... failed

Stack Trace:
com.intuit.karate.exception.KarateException: put.feature:11 - could not find or read file: classpath:karate/request/responsePut.json&#13;
	at ✽.* def responsePut = read('classpath:karate/request/responsePut.json') (put.feature:11)&#13;

Given path 'pet' .......................................................... skipped
And request requestPut .................................................... skipped
When method put ........................................................... skipped
Then status 200 ........................................................... skipped
And match response == responsePut ......................................... skipped
* url url ................................................................. passed
Given path 'pet' .......................................................... passed
And request "@$#%&amp;" ....................................................... passed
When method PUT ........................................................... passed
Then status 404 ........................................................... failed

Stack Trace:
com.intuit.karate.exception.KarateException: put.feature:23 - status code was: 415, expected: 404, response time: 363, url: https://petstore.swagger.io/v2/pet, response: &lt;apiResponse&gt;&lt;type&gt;unknown&lt;/type&gt;&lt;/apiResponse&gt;&#13;
	at ✽.Then status 404 (put.feature:23)&#13;

* url url ................................................................. passed
Given path 'pet' .......................................................... passed
And request "horse" ....................................................... passed
When method PUT ........................................................... passed
Then status 404 ........................................................... failed

Stack Trace:
com.intuit.karate.exception.KarateException: put.feature:23 - status code was: 415, expected: 404, response time: 394, url: https://petstore.swagger.io/v2/pet, response: &lt;apiResponse&gt;&lt;type&gt;unknown&lt;/type&gt;&lt;/apiResponse&gt;&#13;
	at ✽.Then status 404 (put.feature:23)</failure>
  </testcase>
  <testcase classname="karate.request.pet.put" name="Update a pet with invalid category ID" time="0.404101">
    <failure message="put.feature:23 - status code was: 415, expected: 404, response time: 382, url: https://petstore.swagger.io/v2/pet, response: &lt;apiResponse&gt;&lt;type&gt;unknown&lt;/type&gt;&lt;/apiResponse&gt;">* url url ................................................................. passed
* def requestPut = {"id": "#(id)", "category": {"id": "#(idCategory)", "name": "#(nameCategory)"},"name": "#(name)","photoUrls": ["#(photoUrls)"],"tags": [{"id": "#(idTags)","name": "#(nameTags)"}],"status": "#(status)"} . passed
* def responsePut = read('classpath:karate/request/responsePut.json') ..... failed

Stack Trace:
com.intuit.karate.exception.KarateException: put.feature:11 - could not find or read file: classpath:karate/request/responsePut.json&#13;
	at ✽.* def responsePut = read('classpath:karate/request/responsePut.json') (put.feature:11)&#13;

Given path 'pet' .......................................................... skipped
And request requestPut .................................................... skipped
When method put ........................................................... skipped
Then status 200 ........................................................... skipped
And match response == responsePut ......................................... skipped
* url url ................................................................. passed
Given path 'pet' .......................................................... passed
And request "@$#%&amp;" ....................................................... passed
When method PUT ........................................................... passed
Then status 404 ........................................................... failed

Stack Trace:
com.intuit.karate.exception.KarateException: put.feature:23 - status code was: 415, expected: 404, response time: 363, url: https://petstore.swagger.io/v2/pet, response: &lt;apiResponse&gt;&lt;type&gt;unknown&lt;/type&gt;&lt;/apiResponse&gt;&#13;
	at ✽.Then status 404 (put.feature:23)&#13;

* url url ................................................................. passed
Given path 'pet' .......................................................... passed
And request "horse" ....................................................... passed
When method PUT ........................................................... passed
Then status 404 ........................................................... failed

Stack Trace:
com.intuit.karate.exception.KarateException: put.feature:23 - status code was: 415, expected: 404, response time: 394, url: https://petstore.swagger.io/v2/pet, response: &lt;apiResponse&gt;&lt;type&gt;unknown&lt;/type&gt;&lt;/apiResponse&gt;&#13;
	at ✽.Then status 404 (put.feature:23)&#13;

* url url ................................................................. passed
Given path 'pet' .......................................................... passed
And request 7885457 ....................................................... passed
When method PUT ........................................................... passed
Then status 404 ........................................................... failed

Stack Trace:
com.intuit.karate.exception.KarateException: put.feature:23 - status code was: 415, expected: 404, response time: 382, url: https://petstore.swagger.io/v2/pet, response: &lt;apiResponse&gt;&lt;type&gt;unknown&lt;/type&gt;&lt;/apiResponse&gt;&#13;
	at ✽.Then status 404 (put.feature:23)</failure>
  </testcase>
</testsuite>
