<testsuite failures="0" name="karate/request/Karate.request/pet/delete.feature" skipped="0" tests="5" time="4.252428">
  <testcase classname="karate.request.Karate.request.pet.delete" name="Check the service DELETE" time="2.355826">
    <system-out>* url url ................................................................. passed
Given path 'pet', id ...................................................... passed
When method delete ........................................................ passed
Then status 200 ........................................................... passed</system-out>
  </testcase>
  <testcase classname="karate.request.Karate.request.pet.delete" name="DELETE a pet with values an id in the url" time="0.497732">
    <system-out>* url url ................................................................. passed
Given path 'pet', id ...................................................... passed
When method delete ........................................................ passed
Then status 200 ........................................................... passed
* url url ................................................................. passed
Given path 'pet', 123.123 ................................................. passed
When method DELETE ........................................................ passed
Then status 404 ........................................................... passed
And match response == {"code": "#number","type": "#string","message": "#string"} . passed</system-out>
  </testcase>
  <testcase classname="karate.request.Karate.request.pet.delete" name="DELETE a pet with values an id in the url" time="0.443952">
    <system-out>* url url ................................................................. passed
Given path 'pet', id ...................................................... passed
When method delete ........................................................ passed
Then status 200 ........................................................... passed
* url url ................................................................. passed
Given path 'pet', 123.123 ................................................. passed
When method DELETE ........................................................ passed
Then status 404 ........................................................... passed
And match response == {"code": "#number","type": "#string","message": "#string"} . passed
* url url ................................................................. passed
Given path 'pet', "testfish" .............................................. passed
When method DELETE ........................................................ passed
Then status 404 ........................................................... passed
And match response == {"code": "#number","type": "#string","message": "#string"} . passed</system-out>
  </testcase>
  <testcase classname="karate.request.Karate.request.pet.delete" name="DELETE a pet with values an id in the url" time="0.519482">
    <system-out>* url url ................................................................. passed
Given path 'pet', id ...................................................... passed
When method delete ........................................................ passed
Then status 200 ........................................................... passed
* url url ................................................................. passed
Given path 'pet', 123.123 ................................................. passed
When method DELETE ........................................................ passed
Then status 404 ........................................................... passed
And match response == {"code": "#number","type": "#string","message": "#string"} . passed
* url url ................................................................. passed
Given path 'pet', "testfish" .............................................. passed
When method DELETE ........................................................ passed
Then status 404 ........................................................... passed
And match response == {"code": "#number","type": "#string","message": "#string"} . passed
* url url ................................................................. passed
Given path 'pet',  ........................................................ passed
When method DELETE ........................................................ passed
Then status 405 ........................................................... passed
And match response == &lt;?xml version="1.0" encoding="UTF-8" standalone="yes"?&gt;&lt;apiResponse&gt;&lt;type&gt;unknown&lt;/type&gt;&lt;/apiResponse&gt; . passed</system-out>
  </testcase>
  <testcase classname="karate.request.Karate.request.pet.delete" name="DELETE a pet with values an id in the url" time="0.435436">
    <system-out>* url url ................................................................. passed
Given path 'pet', id ...................................................... passed
When method delete ........................................................ passed
Then status 200 ........................................................... passed
* url url ................................................................. passed
Given path 'pet', 123.123 ................................................. passed
When method DELETE ........................................................ passed
Then status 404 ........................................................... passed
And match response == {"code": "#number","type": "#string","message": "#string"} . passed
* url url ................................................................. passed
Given path 'pet', "testfish" .............................................. passed
When method DELETE ........................................................ passed
Then status 404 ........................................................... passed
And match response == {"code": "#number","type": "#string","message": "#string"} . passed
* url url ................................................................. passed
Given path 'pet',  ........................................................ passed
When method DELETE ........................................................ passed
Then status 405 ........................................................... passed
And match response == &lt;?xml version="1.0" encoding="UTF-8" standalone="yes"?&gt;&lt;apiResponse&gt;&lt;type&gt;unknown&lt;/type&gt;&lt;/apiResponse&gt; . passed
* url url ................................................................. passed
Given path 'pet', "@#$%&amp;" ................................................. passed
When method DELETE ........................................................ passed
Then status 404 ........................................................... passed
And match response == {"code": "#number","type": "#string","message": "#string"} . passed</system-out>
  </testcase>
</testsuite>
