<testsuite failures="1" name="src/test/resources/Karate/request/pet/04_DeletePet/delete.feature" skipped="0" tests="3" time="2.466166">
  <testcase classname="src.test.resources.Karate.request.pet.04_DeletePet.delete" name="Check the service DELETE pet" time="1.698588">
    <failure message="delete.feature:15 - status code was: 404, expected: 200, response time: 838, url: https://petstore.swagger.io/v2/pet/id, response: {&quot;code&quot;:404,&quot;type&quot;:&quot;unknown&quot;,&quot;message&quot;:&quot;java.lang.NumberFormatException: For input string: \&quot;id\&quot;&quot;}">* url url ................................................................. passed
Given path 'pet', 'id' .................................................... passed
When method DELETE ........................................................ passed
Then status 200 ........................................................... failed

Stack Trace:
com.intuit.karate.exception.KarateException: delete.feature:15 - status code was: 404, expected: 200, response time: 838, url: https://petstore.swagger.io/v2/pet/id, response: {"code":404,"type":"unknown","message":"java.lang.NumberFormatException: For input string: \"id\""}&#13;
	at ✽.Then status 200 (delete.feature:15)&#13;

And match response == deleteResponse ...................................... skipped
And assert response.message == message .................................... skipped</failure>
  </testcase>
  <testcase classname="src.test.resources.Karate.request.pet.04_DeletePet.delete" name="DELETE a pet with values an id in the url" time="0.388475">
    <system-out>* url url ................................................................. passed
Given path 'pet', 'id' .................................................... passed
When method DELETE ........................................................ passed
Then status 200 ........................................................... failed

Stack Trace:
com.intuit.karate.exception.KarateException: delete.feature:15 - status code was: 404, expected: 200, response time: 838, url: https://petstore.swagger.io/v2/pet/id, response: {"code":404,"type":"unknown","message":"java.lang.NumberFormatException: For input string: \"id\""}&#13;
	at ✽.Then status 200 (delete.feature:15)&#13;

And match response == deleteResponse ...................................... skipped
And assert response.message == message .................................... skipped
* url url ................................................................. passed
Given path 'pet', 444.888 ................................................. passed
When method DELETE ........................................................ passed
Then status 404 ........................................................... passed
And match response == {"code": "#number","type": "#string","message": "#string"} . passed</system-out>
  </testcase>
  <testcase classname="src.test.resources.Karate.request.pet.04_DeletePet.delete" name="DELETE a pet with values an id in the url" time="0.379104">
    <system-out>* url url ................................................................. passed
Given path 'pet', 'id' .................................................... passed
When method DELETE ........................................................ passed
Then status 200 ........................................................... failed

Stack Trace:
com.intuit.karate.exception.KarateException: delete.feature:15 - status code was: 404, expected: 200, response time: 838, url: https://petstore.swagger.io/v2/pet/id, response: {"code":404,"type":"unknown","message":"java.lang.NumberFormatException: For input string: \"id\""}&#13;
	at ✽.Then status 200 (delete.feature:15)&#13;

And match response == deleteResponse ...................................... skipped
And assert response.message == message .................................... skipped
* url url ................................................................. passed
Given path 'pet', 444.888 ................................................. passed
When method DELETE ........................................................ passed
Then status 404 ........................................................... passed
And match response == {"code": "#number","type": "#string","message": "#string"} . passed
* url url ................................................................. passed
Given path 'pet', "@#$%&amp;" ................................................. passed
When method DELETE ........................................................ passed
Then status 404 ........................................................... passed
And match response == {"code": "#number","type": "#string","message": "#string"} . passed</system-out>
  </testcase>
</testsuite>
